  Drawings.cpp
D:\Github Things\BaconApex\UC-Apex-Remastered\defs.h(57,20): warning C4244: 'argument': conversion from 'double' to 'float', possible loss of data
D:\Github Things\BaconApex\UC-Apex-Remastered\defs.h(58,20): warning C4244: 'argument': conversion from 'double' to 'float', possible loss of data
D:\Github Things\BaconApex\UC-Apex-Remastered\defs.h(59,20): warning C4244: 'argument': conversion from 'double' to 'float', possible loss of data
D:\Github Things\BaconApex\UC-Apex-Remastered\Drawings.cpp(54,28): warning C4244: 'argument': conversion from 'int' to 'FLOAT', possible loss of data
D:\Github Things\BaconApex\UC-Apex-Remastered\Drawings.cpp(54,24): warning C4244: 'argument': conversion from 'int' to 'FLOAT', possible loss of data
D:\Github Things\BaconApex\UC-Apex-Remastered\Drawings.cpp(55,28): warning C4244: 'argument': conversion from 'int' to 'FLOAT', possible loss of data
D:\Github Things\BaconApex\UC-Apex-Remastered\Drawings.cpp(55,24): warning C4244: 'argument': conversion from 'int' to 'FLOAT', possible loss of data
D:\Github Things\BaconApex\UC-Apex-Remastered\Drawings.cpp(56,19): warning C4244: 'argument': conversion from 'int' to 'FLOAT', possible loss of data
D:\Github Things\BaconApex\UC-Apex-Remastered\Drawings.cpp(69,13): warning C4244: 'initializing': conversion from 'double' to 'float', possible loss of data
  globals.cpp
D:\Github Things\BaconApex\UC-Apex-Remastered\defs.h(57,20): warning C4244: 'argument': conversion from 'double' to 'float', possible loss of data
D:\Github Things\BaconApex\UC-Apex-Remastered\defs.h(58,20): warning C4244: 'argument': conversion from 'double' to 'float', possible loss of data
D:\Github Things\BaconApex\UC-Apex-Remastered\defs.h(59,20): warning C4244: 'argument': conversion from 'double' to 'float', possible loss of data
  imgui.cpp
  imgui_demo.cpp
  imgui_draw.cpp
  imgui_impl_dx9.cpp
  imgui_impl_win32.cpp
  imgui_tables.cpp
  imgui_widgets.cpp
  main.cpp
D:\Github Things\BaconApex\UC-Apex-Remastered\defs.h(57,20): warning C4244: 'argument': conversion from 'double' to 'float', possible loss of data
D:\Github Things\BaconApex\UC-Apex-Remastered\defs.h(58,20): warning C4244: 'argument': conversion from 'double' to 'float', possible loss of data
D:\Github Things\BaconApex\UC-Apex-Remastered\defs.h(59,20): warning C4244: 'argument': conversion from 'double' to 'float', possible loss of data
D:\Github Things\BaconApex\UC-Apex-Remastered\printa\printa.hpp(22,2): warning C4091: 'typedef ': ignored on left of 'printa_e' when no variable is declared
  Modules.cpp
D:\Github Things\BaconApex\UC-Apex-Remastered\defs.h(57,20): warning C4244: 'argument': conversion from 'double' to 'float', possible loss of data
D:\Github Things\BaconApex\UC-Apex-Remastered\defs.h(58,20): warning C4244: 'argument': conversion from 'double' to 'float', possible loss of data
D:\Github Things\BaconApex\UC-Apex-Remastered\defs.h(59,20): warning C4244: 'argument': conversion from 'double' to 'float', possible loss of data
D:\Github Things\BaconApex\UC-Apex-Remastered\Modules.cpp(123,36): warning C4244: 'argument': conversion from 'float' to 'int', possible loss of data
D:\Github Things\BaconApex\UC-Apex-Remastered\Modules.cpp(123,29): warning C4244: 'argument': conversion from 'float' to 'int', possible loss of data
D:\Github Things\BaconApex\UC-Apex-Remastered\Modules.cpp(123,26): warning C4244: 'argument': conversion from 'float' to 'int', possible loss of data
D:\Github Things\BaconApex\UC-Apex-Remastered\Modules.cpp(123,23): warning C4244: 'argument': conversion from 'float' to 'int', possible loss of data
D:\Github Things\BaconApex\UC-Apex-Remastered\Modules.cpp(124,29): warning C4244: 'argument': conversion from 'float' to 'int', possible loss of data
D:\Github Things\BaconApex\UC-Apex-Remastered\Modules.cpp(124,22): warning C4244: 'argument': conversion from 'float' to 'int', possible loss of data
D:\Github Things\BaconApex\UC-Apex-Remastered\Modules.cpp(124,19): warning C4244: 'argument': conversion from 'float' to 'int', possible loss of data
D:\Github Things\BaconApex\UC-Apex-Remastered\Modules.cpp(124,16): warning C4244: 'argument': conversion from 'float' to 'int', possible loss of data
D:\Github Things\BaconApex\UC-Apex-Remastered\Modules.cpp(130,57): warning C4244: 'argument': conversion from 'float' to 'int', possible loss of data
D:\Github Things\BaconApex\UC-Apex-Remastered\Modules.cpp(130,43): warning C4244: 'argument': conversion from 'float' to 'int', possible loss of data
D:\Github Things\BaconApex\UC-Apex-Remastered\Modules.cpp(130,24): warning C4244: 'argument': conversion from 'float' to 'int', possible loss of data
D:\Github Things\BaconApex\UC-Apex-Remastered\Modules.cpp(131,64): warning C4244: 'argument': conversion from 'float' to 'int', possible loss of data
D:\Github Things\BaconApex\UC-Apex-Remastered\Modules.cpp(131,43): warning C4244: 'argument': conversion from 'float' to 'int', possible loss of data
D:\Github Things\BaconApex\UC-Apex-Remastered\Modules.cpp(131,24): warning C4244: 'argument': conversion from 'float' to 'int', possible loss of data
D:\Github Things\BaconApex\UC-Apex-Remastered\Modules.cpp(132,62): warning C4244: 'argument': conversion from 'float' to 'int', possible loss of data
D:\Github Things\BaconApex\UC-Apex-Remastered\Modules.cpp(132,48): warning C4244: 'argument': conversion from 'float' to 'int', possible loss of data
D:\Github Things\BaconApex\UC-Apex-Remastered\Modules.cpp(132,24): warning C4244: 'argument': conversion from 'float' to 'int', possible loss of data
D:\Github Things\BaconApex\UC-Apex-Remastered\Modules.cpp(133,69): warning C4244: 'argument': conversion from 'float' to 'int', possible loss of data
D:\Github Things\BaconApex\UC-Apex-Remastered\Modules.cpp(133,48): warning C4244: 'argument': conversion from 'float' to 'int', possible loss of data
D:\Github Things\BaconApex\UC-Apex-Remastered\Modules.cpp(133,24): warning C4244: 'argument': conversion from 'float' to 'int', possible loss of data
D:\Github Things\BaconApex\UC-Apex-Remastered\Modules.cpp(136,76): warning C4244: 'argument': conversion from 'float' to 'int', possible loss of data
D:\Github Things\BaconApex\UC-Apex-Remastered\Modules.cpp(136,49): warning C4244: 'argument': conversion from 'float' to 'int', possible loss of data
D:\Github Things\BaconApex\UC-Apex-Remastered\Modules.cpp(136,42): warning C4244: 'argument': conversion from 'float' to 'int', possible loss of data
D:\Github Things\BaconApex\UC-Apex-Remastered\Modules.cpp(137,70): warning C4244: 'argument': conversion from 'float' to 'int', possible loss of data
D:\Github Things\BaconApex\UC-Apex-Remastered\Modules.cpp(137,43): warning C4244: 'argument': conversion from 'float' to 'int', possible loss of data
D:\Github Things\BaconApex\UC-Apex-Remastered\Modules.cpp(137,36): warning C4244: 'argument': conversion from 'float' to 'int', possible loss of data
  overlay.cpp
D:\Github Things\BaconApex\UC-Apex-Remastered\defs.h(57,20): warning C4244: 'argument': conversion from 'double' to 'float', possible loss of data
D:\Github Things\BaconApex\UC-Apex-Remastered\defs.h(58,20): warning C4244: 'argument': conversion from 'double' to 'float', possible loss of data
D:\Github Things\BaconApex\UC-Apex-Remastered\defs.h(59,20): warning C4244: 'argument': conversion from 'double' to 'float', possible loss of data
D:\Github Things\BaconApex\UC-Apex-Remastered\overlay.cpp(237,99): error C2665: 'ImGui::Combo': none of the 3 overloads could convert all the argument types
D:\Github Things\BaconApex\UC-Apex-Remastered\imgui\imgui.h(486,29): message : could be 'bool ImGui::Combo(const char *,int *,const char *,int)'
D:\Github Things\BaconApex\UC-Apex-Remastered\imgui\imgui.h(485,29): message : or       'bool ImGui::Combo(const char *,int *,const char *const [],int,int)'
D:\Github Things\BaconApex\UC-Apex-Remastered\overlay.cpp(237,99): message : while trying to match the argument list '(char *, int *, std::string [5], int)'
D:\Github Things\BaconApex\UC-Apex-Remastered\overlay.cpp(399,84): warning C4244: 'argument': conversion from 'float' to 'int', possible loss of data
D:\Github Things\BaconApex\UC-Apex-Remastered\overlay.cpp(399,57): warning C4244: 'argument': conversion from 'float' to 'int', possible loss of data
D:\Github Things\BaconApex\UC-Apex-Remastered\overlay.cpp(402,69): warning C4244: 'argument': conversion from 'float' to 'int', possible loss of data
D:\Github Things\BaconApex\UC-Apex-Remastered\overlay.cpp(402,42): warning C4244: 'argument': conversion from 'float' to 'int', possible loss of data
D:\Github Things\BaconApex\UC-Apex-Remastered\overlay.cpp(416,54): warning C4244: 'argument': conversion from 'float' to 'int', possible loss of data
D:\Github Things\BaconApex\UC-Apex-Remastered\overlay.cpp(416,34): warning C4244: 'argument': conversion from 'float' to 'int', possible loss of data
  Player.cpp
D:\Github Things\BaconApex\UC-Apex-Remastered\defs.h(57,20): warning C4244: 'argument': conversion from 'double' to 'float', possible loss of data
D:\Github Things\BaconApex\UC-Apex-Remastered\defs.h(58,20): warning C4244: 'argument': conversion from 'double' to 'float', possible loss of data
D:\Github Things\BaconApex\UC-Apex-Remastered\defs.h(59,20): warning C4244: 'argument': conversion from 'double' to 'float', possible loss of data
  format.cc
D:\Github Things\BaconApex\UC-Apex-Remastered\printa\fmt\format.h(1845,57): warning C4244: 'argument': conversion from 'unsigned __int64' to 'size_t', possible loss of data
D:\Github Things\BaconApex\UC-Apex-Remastered\printa\fmt\format.h(1972): message : see reference to function template instantiation 'OutputIt fmt::v7::detail::write_float<OutputIt,fmt::v7::detail::dragonbox::decimal_fp<float>,char>(OutputIt,const DecimalFP &,const fmt::v7::basic_format_specs<char> &,fmt::v7::detail::float_specs,Char)' being compiled
          with
          [
              OutputIt=std::back_insert_iterator<std::string>,
              DecimalFP=fmt::v7::detail::dragonbox::decimal_fp<float>,
              Char=char
          ]
D:\Github Things\BaconApex\UC-Apex-Remastered\printa\fmt\format.h(3734): message : see reference to function template instantiation 'OutputIt fmt::v7::detail::write<char,std::back_insert_iterator<std::string>,T,0>(OutputIt,T)' being compiled
          with
          [
              OutputIt=std::back_insert_iterator<std::string>,
              T=float
          ]
D:\Github Things\BaconApex\UC-Apex-Remastered\printa\fmt\format-inl.h(2643): message : see reference to function template instantiation 'std::string fmt::v7::to_string<T,0>(const T &)' being compiled
          with
          [
              T=float
          ]
D:\Github Things\BaconApex\UC-Apex-Remastered\printa\fmt\core.h(1331): message : see reference to function template instantiation 'std::string fmt::v7::detail::stringifier::operator ()<float>(T) const' being compiled
          with
          [
              T=float
          ]
D:\Github Things\BaconApex\UC-Apex-Remastered\printa\fmt\format-inl.h(2746): message : see reference to function template instantiation 'std::string fmt::v7::visit_format_arg<fmt::v7::detail::stringifier,Context>(Visitor &&,const fmt::v7::basic_format_arg<Context> &)' being compiled
          with
          [
              Context=fmt::v7::format_context,
              Visitor=fmt::v7::detail::stringifier
          ]
D:\Github Things\BaconApex\UC-Apex-Remastered\printa\fmt\format.h(1846,56): warning C4244: 'argument': conversion from 'unsigned __int64' to 'size_t', possible loss of data
D:\Github Things\BaconApex\UC-Apex-Remastered\printa\fmt\format.h(1863,32): warning C4244: 'argument': conversion from 'unsigned __int64' to 'size_t', possible loss of data
D:\Github Things\BaconApex\UC-Apex-Remastered\printa\fmt\format.h(1876,32): warning C4244: 'argument': conversion from 'unsigned __int64' to 'size_t', possible loss of data
D:\Github Things\BaconApex\UC-Apex-Remastered\printa\fmt\format.h(1891,30): warning C4244: 'argument': conversion from 'unsigned __int64' to 'size_t', possible loss of data
  os.cc
  Util.cpp
D:\Github Things\BaconApex\UC-Apex-Remastered\defs.h(57,20): warning C4244: 'argument': conversion from 'double' to 'float', possible loss of data
D:\Github Things\BaconApex\UC-Apex-Remastered\defs.h(58,20): warning C4244: 'argument': conversion from 'double' to 'float', possible loss of data
D:\Github Things\BaconApex\UC-Apex-Remastered\defs.h(59,20): warning C4244: 'argument': conversion from 'double' to 'float', possible loss of data
D:\Github Things\BaconApex\UC-Apex-Remastered\Util.cpp(63,34): warning C4244: 'return': conversion from 'LONGLONG' to 'uintptr_t', possible loss of data
D:\Github Things\BaconApex\UC-Apex-Remastered\Util.cpp(66,24): warning C4244: 'return': conversion from 'ULONGLONG' to 'uintptr_t', possible loss of data
D:\Github Things\BaconApex\UC-Apex-Remastered\Util.cpp(89,10): warning C4244: 'initializing': conversion from 'LONG' to 'float', possible loss of data
D:\Github Things\BaconApex\UC-Apex-Remastered\Util.cpp(90,10): warning C4244: 'initializing': conversion from 'LONG' to 'float', possible loss of data
D:\Github Things\BaconApex\UC-Apex-Remastered\Util.cpp(92,48): warning C4244: '+=': conversion from 'double' to 'float', possible loss of data
D:\Github Things\BaconApex\UC-Apex-Remastered\Util.cpp(93,48): warning C4244: '-=': conversion from 'double' to 'float', possible loss of data
D:\Github Things\BaconApex\UC-Apex-Remastered\Util.cpp(106,37): warning C4244: '=': conversion from 'double' to 'float', possible loss of data
D:\Github Things\BaconApex\UC-Apex-Remastered\Util.cpp(107,40): warning C4244: '=': conversion from 'double' to 'float', possible loss of data
  Generating Code...
